<?xml version="1.0" encoding="UTF-8"?>
<!-- Generated by org.testng.reporters.JUnitXMLReporter -->
<testsuite ignored="0" hostname="sudhir-kumar" failures="2" tests="7" name="Grouping" time="0.179" errors="0" timestamp="2020-03-16T01:33:15 IST">
  <testcase classname="com.app.test.Grouping" name="f" time="0.018"/>
  <testcase classname="com.app.test.Grouping" name="f1" time="0.009">
    <failure type="java.lang.AssertionError" message="expected [true] but found [false]">
      <![CDATA[java.lang.AssertionError: expected [true] but found [false]
at com.app.test.Grouping.f1(Grouping.java:12)
at java.base/java.util.ArrayList.forEach(ArrayList.java:1540)
... Removed 31 stack frames]]>
    </failure>
  </testcase> <!-- f1 -->
  <testcase classname="com.app.test.Grouping" name="f2" time="0.001">
    <skipped/>
  </testcase> <!-- f2 -->
  <testcase classname="com.app.test.Grouping" name="f3" time="0.003">
    <failure type="java.lang.AssertionError" message="expected [true] but found [false]">
      <![CDATA[java.lang.AssertionError: expected [true] but found [false]
at com.app.test.Grouping.f3(Grouping.java:21)
at java.base/java.util.ArrayList.forEach(ArrayList.java:1540)
... Removed 31 stack frames]]>
    </failure>
  </testcase> <!-- f3 -->
  <testcase classname="com.app.test.Grouping" name="f5" time="0.007"/>
  <testcase classname="com.app.test.Grouping" name="f6" time="0.003"/>
  <testcase classname="com.app.test.Grouping" name="f4" time="0.004"/>
</testsuite> <!-- Grouping -->
