<?xml version="1.0" encoding="UTF-8"?>
<!-- Generated by org.testng.reporters.JUnitXMLReporter -->
<testsuite ignored="2" hostname="sudhir-kumar" failures="0" tests="10" name="Hello" time="0.284" errors="0" timestamp="2020-03-16T00:47:47 IST">
  <testcase classname="com.app.test.SkipTest" name="m3" time="0.02"/>
  <testcase classname="com.app.test.SkipTest" name="m4" time="0.009"/>
  <testcase classname="com.app.test.SkipTest" name="m5" time="0.005">
    <skipped/>
  </testcase> <!-- m5 -->
  <testcase classname="com.app.test.PriorityAnnotation" name="m1" time="0.006"/>
  <testcase classname="com.app.test.PriorityAnnotation" name="Testplan" time="0.015"/>
  <testcase classname="com.app.test.PriorityTest" name="m2" time="0.007"/>
  <testcase classname="com.app.test.PriorityTest" name="m4" time="0.01"/>
  <testcase classname="com.app.test.PriorityTest" name="m3" time="0.003"/>
  <testcase classname="com.app.test.PriorityTest" name="m5" time="0.013"/>
  <testcase classname="com.app.test.PriorityTest" name="m1" time="0.007"/>
  <testcase classname="com.app.test.SkipTest" name="m1" time="0.0">
    <ignored/>
  </testcase> <!-- m1 -->
  <testcase classname="com.app.test.SkipTest" name="m2" time="0.0">
    <ignored/>
  </testcase> <!-- m2 -->
</testsuite> <!-- Hello -->
