<?xml version="1.0" encoding="UTF-8"?>
<!-- Generated by org.testng.reporters.JUnitXMLReporter -->
<testsuite ignored="0" hostname="sudhir-kumar" failures="1" tests="4" name="sudhir" time="0.293" errors="0" timestamp="2020-03-27T19:49:25 IST">
  <testcase classname="com.app.test.ListenerClass" name="Teststart" time="0.024"/>
  <testcase classname="com.app.test.ListenerClass" name="skip" time="0.006">
    <skipped/>
  </testcase> <!-- skip -->
  <testcase classname="com.app.test.ListenerClass" name="failed" time="0.027">
    <failure type="java.lang.AssertionError" message="expected [true] but found [false]">
      <![CDATA[java.lang.AssertionError: expected [true] but found [false]
at com.app.test.ListenerClass.failed(ListenerClass.java:22)
at java.base/java.util.ArrayList.forEach(ArrayList.java:1540)
... Removed 31 stack frames]]>
    </failure>
  </testcase> <!-- failed -->
  <testcase classname="com.app.test.ListenerClass" name="pass" time="0.004"/>
</testsuite> <!-- sudhir -->
