<?xml version="1.0" encoding="UTF-8"?>
<!-- Generated by org.testng.reporters.JUnitXMLReporter -->
<testsuite ignored="2" hostname="sudhir-kumar" failures="0" tests="3" name="Default test" time="0.143" errors="0" timestamp="2020-03-27T14:58:16 IST">
  <testcase classname="com.app.test.SkipTest" name="m3" time="0.017"/>
  <testcase classname="com.app.test.SkipTest" name="m4" time="0.003"/>
  <testcase classname="com.app.test.SkipTest" name="m5" time="0.003">
    <skipped/>
  </testcase> <!-- m5 -->
  <testcase classname="com.app.test.SkipTest" name="m1" time="0.0">
    <ignored/>
  </testcase> <!-- m1 -->
  <testcase classname="com.app.test.SkipTest" name="m2" time="0.0">
    <ignored/>
  </testcase> <!-- m2 -->
</testsuite> <!-- Default test -->
